2016/09/29 16:24:14 にビルドを開始しました。
     1>ノード 2 上のプロジェクト "C:\Users\daichi\Desktop\RBG 正式ver\RBG.vcxproj" (Build ターゲット)。
     1>ClCompile:
         C:\Program Files (x86)\Microsoft Visual Studio 12.0\VC\bin\CL.exe /c /I"C:\DxLib_VC\プロジェクトに追加すべきファイル_VC用" /ZI /nologo /W3 /WX- /sdl /Od /Oy- /D WIN32 /D _DEBUG /D _WINDOWS /D _MBCS /Gm /EHsc /RTC1 /MT /GS /fp:precise /Zc:wchar_t /Zc:forScope /Fo"Debug\\" /Fd"Debug\vc120.pdb" /Gd /TP /analyze- /errorReport:prompt board.cpp common.cpp main.cpp ball.cpp pattern.cpp result.cpp ui.cpp
         ui.cpp
         result.cpp
         pattern.cpp
         ball.cpp
         main.cpp
         common.cpp
         board.cpp
         コードを生成中...
       Link:
         C:\Program Files (x86)\Microsoft Visual Studio 12.0\VC\bin\link.exe /ERRORREPORT:PROMPT /OUT:"C:\Users\daichi\Desktop\RBG 正式ver\Debug\RBG.exe" /INCREMENTAL /NOLOGO /LIBPATH:"C:\DxLib_VC\プロジェクトに追加すべきファイル_VC用" kernel32.lib user32.lib gdi32.lib winspool.lib comdlg32.lib advapi32.lib shell32.lib ole32.lib oleaut32.lib uuid.lib odbc32.lib odbccp32.lib /MANIFEST /MANIFESTUAC:"level='asInvoker' uiAccess='false'" /manifest:embed /DEBUG /PDB:"C:\Users\daichi\Desktop\RBG 正式ver\Debug\RBG.pdb" /SUBSYSTEM:WINDOWS /TLBID:1 /DYNAMICBASE /NXCOMPAT /IMPLIB:"C:\Users\daichi\Desktop\RBG 正式ver\Debug\RBG.lib" /MACHINE:X86 Debug\board.obj
         Debug\common.obj
         Debug\main.obj
         Debug\ball.obj
         Debug\pattern.obj
         Debug\result.obj
         Debug\ui.obj
     1>miserable_d.lib(Font.obj) : warning LNK4204: 'C:\Users\daichi\Desktop\RBG 正式ver\Debug\vc120.pdb' に参照するモジュールのデバッグ情報がありません。デバッグ情報を無視してオブジェクトをリンクします。
     1>miserable_d.lib(framework.obj) : warning LNK4204: 'C:\Users\daichi\Desktop\RBG 正式ver\Debug\vc120.pdb' に参照するモジュールのデバッグ情報がありません。デバッグ情報を無視してオブジェクトをリンクします。
     1>miserable_d.lib(game.obj) : warning LNK4204: 'C:\Users\daichi\Desktop\RBG 正式ver\Debug\vc120.pdb' に参照するモジュールのデバッグ情報がありません。デバッグ情報を無視してオブジェクトをリンクします。
     1>miserable_d.lib(game_manager.obj) : warning LNK4204: 'C:\Users\daichi\Desktop\RBG 正式ver\Debug\vc120.pdb' に参照するモジュールのデバッグ情報がありません。デバッグ情報を無視してオブジェクトをリンクします。
     1>miserable_d.lib(input.obj) : warning LNK4204: 'C:\Users\daichi\Desktop\RBG 正式ver\Debug\vc120.pdb' に参照するモジュールのデバッグ情報がありません。デバッグ情報を無視してオブジェクトをリンクします。
     1>miserable_d.lib(miserable.obj) : warning LNK4204: 'C:\Users\daichi\Desktop\RBG 正式ver\Debug\vc120.pdb' に参照するモジュールのデバッグ情報がありません。デバッグ情報を無視してオブジェクトをリンクします。
     1>miserable_d.lib(property.obj) : warning LNK4204: 'C:\Users\daichi\Desktop\RBG 正式ver\Debug\vc120.pdb' に参照するモジュールのデバッグ情報がありません。デバッグ情報を無視してオブジェクトをリンクします。
     1>miserable_d.lib(property_manager.obj) : warning LNK4204: 'C:\Users\daichi\Desktop\RBG 正式ver\Debug\vc120.pdb' に参照するモジュールのデバッグ情報がありません。デバッグ情報を無視してオブジェクトをリンクします。
     1>miserable_d.lib(winmain.obj) : warning LNK4204: 'C:\Users\daichi\Desktop\RBG 正式ver\Debug\vc120.pdb' に参照するモジュールのデバッグ情報がありません。デバッグ情報を無視してオブジェクトをリンクします。
         RBG.vcxproj -> C:\Users\daichi\Desktop\RBG 正式ver\Debug\RBG.exe
     1>プロジェクト "C:\Users\daichi\Desktop\RBG 正式ver\RBG.vcxproj" (Build ターゲット) のビルドが完了しました。

ビルドに成功しました。

経過時間 00:00:08.13
