2016/09/29 16:24:55 にビルドを開始しました。
     1>ノード 2 上のプロジェクト "C:\Users\daichi\Desktop\RBG 正式ver\RBG.vcxproj" (Build ターゲット)。
     1>ClCompile:
         C:\Program Files (x86)\Microsoft Visual Studio 12.0\VC\bin\CL.exe /c /I"C:\DxLib_VC\プロジェクトに追加すべきファイル_VC用" /Zi /nologo /W3 /WX- /sdl /O2 /Oi /Oy- /GL /D WIN32 /D NDEBUG /D _WINDOWS /D _MBCS /Gm- /EHsc /MTd /GS /Gy /fp:precise /Zc:wchar_t /Zc:forScope /Fo"Release\\" /Fd"Release\vc120.pdb" /Gd /TP /analyze- /errorReport:prompt board.cpp common.cpp main.cpp ball.cpp pattern.cpp result.cpp ui.cpp
         board.cpp
         common.cpp
         main.cpp
         ball.cpp
         pattern.cpp
         result.cpp
         ui.cpp
       Link:
         C:\Program Files (x86)\Microsoft Visual Studio 12.0\VC\bin\link.exe /ERRORREPORT:PROMPT /OUT:"C:\Users\daichi\Desktop\RBG 正式ver\Release\RBG.exe" /INCREMENTAL:NO /NOLOGO /LIBPATH:"C:\DxLib_VC\プロジェクトに追加すべきファイル_VC用" kernel32.lib user32.lib gdi32.lib winspool.lib comdlg32.lib advapi32.lib shell32.lib ole32.lib oleaut32.lib uuid.lib odbc32.lib odbccp32.lib /MANIFEST /MANIFESTUAC:"level='asInvoker' uiAccess='false'" /manifest:embed /DEBUG /PDB:"C:\Users\daichi\Desktop\RBG 正式ver\Release\RBG.pdb" /SUBSYSTEM:WINDOWS /OPT:REF /OPT:ICF /LTCG /TLBID:1 /DYNAMICBASE /NXCOMPAT /IMPLIB:"C:\Users\daichi\Desktop\RBG 正式ver\Release\RBG.lib" /MACHINE:X86 /SAFESEH Release\board.obj
         Release\common.obj
         Release\main.obj
         Release\ball.obj
         Release\pattern.obj
         Release\result.obj
         Release\ui.obj
     1>miserable_d.lib(miserable.obj) : warning LNK4075: /EDITANDCONTINUE は /OPT:ICF の指定によって無視されます。
         コード生成しています。
         コード生成が終了しました。
     1>miserable_d.lib(Font.obj) : warning LNK4204: 'C:\Users\daichi\Desktop\RBG 正式ver\Release\vc120.pdb' に参照するモジュールのデバッグ情報がありません。デバッグ情報を無視してオブジェクトをリンクします。
     1>miserable_d.lib(framework.obj) : warning LNK4204: 'C:\Users\daichi\Desktop\RBG 正式ver\Release\vc120.pdb' に参照するモジュールのデバッグ情報がありません。デバッグ情報を無視してオブジェクトをリンクします。
     1>miserable_d.lib(game.obj) : warning LNK4204: 'C:\Users\daichi\Desktop\RBG 正式ver\Release\vc120.pdb' に参照するモジュールのデバッグ情報がありません。デバッグ情報を無視してオブジェクトをリンクします。
     1>miserable_d.lib(game_manager.obj) : warning LNK4204: 'C:\Users\daichi\Desktop\RBG 正式ver\Release\vc120.pdb' に参照するモジュールのデバッグ情報がありません。デバッグ情報を無視してオブジェクトをリンクします。
     1>miserable_d.lib(input.obj) : warning LNK4204: 'C:\Users\daichi\Desktop\RBG 正式ver\Release\vc120.pdb' に参照するモジュールのデバッグ情報がありません。デバッグ情報を無視してオブジェクトをリンクします。
     1>miserable_d.lib(miserable.obj) : warning LNK4204: 'C:\Users\daichi\Desktop\RBG 正式ver\Release\vc120.pdb' に参照するモジュールのデバッグ情報がありません。デバッグ情報を無視してオブジェクトをリンクします。
     1>miserable_d.lib(property.obj) : warning LNK4204: 'C:\Users\daichi\Desktop\RBG 正式ver\Release\vc120.pdb' に参照するモジュールのデバッグ情報がありません。デバッグ情報を無視してオブジェクトをリンクします。
     1>miserable_d.lib(property_manager.obj) : warning LNK4204: 'C:\Users\daichi\Desktop\RBG 正式ver\Release\vc120.pdb' に参照するモジュールのデバッグ情報がありません。デバッグ情報を無視してオブジェクトをリンクします。
     1>miserable_d.lib(winmain.obj) : warning LNK4204: 'C:\Users\daichi\Desktop\RBG 正式ver\Release\vc120.pdb' に参照するモジュールのデバッグ情報がありません。デバッグ情報を無視してオブジェクトをリンクします。
         RBG.vcxproj -> C:\Users\daichi\Desktop\RBG 正式ver\Release\RBG.exe
     1>プロジェクト "C:\Users\daichi\Desktop\RBG 正式ver\RBG.vcxproj" (Build ターゲット) のビルドが完了しました。

ビルドに成功しました。

経過時間 00:00:03.67
